==================================================
=== Log Session: 14.05.2025 2:45:56 ===
=== Unity Version: 6000.0.21f1 ===
=== App Version: 1.0 ===
=== OS: Windows 11  (10.0.26100) 64bit ===
=== Device: MS-7D75 (Micro-Star International Co., Ltd.) ===
=== Processor: AMD Ryzen 5 7600 6-Core Processor  ===
=== Graphics: Intel(R) Arc(TM) B580 Graphics ===
==================================================

02:45:56.495 [Log] Application started. Version: 1.0
02:45:56.497 [Log] Log file initialized at: D:\SteamLibrary\steamapps\common\Dicewood Demo\Logs\AppLog_2025-05-14_02-45-56.log
02:45:57.370 [Log] LOAD ENTITY CMS/audio/ambience/forest_atmos_bright
02:45:57.370 [Log] LOAD ENTITY CMS/audio/ambience/forest_atmos_dark
02:45:57.371 [Log] LOAD ENTITY CMS/audio/ambience/house_atmos
02:45:57.371 [Log] LOAD ENTITY CMS/audio/events/sfx_altar_jingle
02:45:57.371 [Log] LOAD ENTITY CMS/audio/events/sfx_beartrap_jingle
02:45:57.371 [Log] LOAD ENTITY CMS/audio/events/sfx_raven_jingle
02:45:57.371 [Log] LOAD ENTITY CMS/audio/events/sfx_tools_jingle
02:45:57.371 [Log] LOAD ENTITY CMS/audio/game/sfx_animal_exile
02:45:57.371 [Log] LOAD ENTITY CMS/audio/game/sfx_choose_background_noise
02:45:57.371 [Log] LOAD ENTITY CMS/audio/game/sfx_say
02:45:57.371 [Log] LOAD ENTITY CMS/audio/music/forest_combat
02:45:57.371 [Log] LOAD ENTITY CMS/audio/music/forest_map
02:45:57.371 [Log] LOAD ENTITY CMS/audio/music/forest_reprise
02:45:57.371 [Log] LOAD ENTITY CMS/audio/ui/sfx_door
02:45:57.371 [Log] LOAD ENTITY CMS/audio/ui/sfx_end_turn
02:45:57.371 [Log] LOAD ENTITY CMS/audio/ui/sfx_enter_house
02:45:57.371 [Log] LOAD ENTITY CMS/audio/ui/sfx_map_click
02:45:57.371 [Log] LOAD ENTITY CMS/audio/ui/sfx_map_hover
02:45:57.371 [Log] LOAD ENTITY CMS/challenge/B_red_riding_hood
02:45:57.371 [Log] LOAD ENTITY CMS/challenge/E_bear_trap
02:45:57.371 [Log] LOAD ENTITY CMS/challenge/E_centipede
02:45:57.371 [Log] LOAD ENTITY CMS/challenge/E_chestnut_man
02:45:57.371 [Log] LOAD ENTITY CMS/challenge/E_corpseflower
02:45:57.371 [Log] LOAD ENTITY CMS/challenge/E_crab
02:45:57.371 [Log] LOAD ENTITY CMS/challenge/E_earwig
02:45:57.371 [Log] LOAD ENTITY CMS/challenge/E_gloombloom
02:45:57.371 [Log] LOAD ENTITY CMS/challenge/E_grafted_doll
02:45:57.371 [Log] LOAD ENTITY CMS/challenge/E_gravemoss
02:45:57.371 [Log] LOAD ENTITY CMS/challenge/E_hand
02:45:57.371 [Log] LOAD ENTITY CMS/challenge/E_mole
02:45:57.371 [Log] LOAD ENTITY CMS/challenge/E_mushroom
02:45:57.371 [Log] LOAD ENTITY CMS/challenge/E_mushroom_small
02:45:57.371 [Log] LOAD ENTITY CMS/challenge/E_pinocchio
02:45:57.371 [Log] LOAD ENTITY CMS/challenge/E_poison_cloud
02:45:57.371 [Log] LOAD ENTITY CMS/challenge/E_rat
02:45:57.371 [Log] LOAD ENTITY CMS/challenge/E_rat_king
02:45:57.371 [Log] LOAD ENTITY CMS/challenge/E_scorpion
02:45:57.371 [Log] LOAD ENTITY CMS/challenge/E_snail_big
02:45:57.371 [Log] LOAD ENTITY CMS/challenge/E_snail_even
02:45:57.371 [Log] LOAD ENTITY CMS/challenge/E_snail_odd
02:45:57.371 [Log] LOAD ENTITY CMS/challenge/E_snail_rabid
02:45:57.371 [Log] LOAD ENTITY CMS/challenge/E_snake_big
02:45:57.371 [Log] LOAD ENTITY CMS/challenge/E_snapping_tutrle
02:45:57.371 [Log] LOAD ENTITY CMS/challenge/E_spider
02:45:57.371 [Log] LOAD ENTITY CMS/challenge/E_spider_boss
02:45:57.371 [Log] LOAD ENTITY CMS/challenge/E_spider_huntsman
02:45:57.371 [Log] LOAD ENTITY CMS/challenge/E_spiderweb
02:45:57.371 [Log] LOAD ENTITY CMS/challenge/E_totem
02:45:57.371 [Log] LOAD ENTITY CMS/challenge/E_totem_tutorial
02:45:57.371 [Log] LOAD ENTITY CMS/challenge/E_wasp
02:45:57.371 [Log] LOAD ENTITY CMS/challenge/E_witch_servant_A
02:45:57.371 [Log] LOAD ENTITY CMS/challenge/E_witch_servant_B
02:45:57.371 [Log] LOAD ENTITY CMS/challenge_slot_modifier/cs_x2_damage_candle
02:45:57.371 [Log] LOAD ENTITY CMS/consumables/cm_arrow
02:45:57.371 [Log] LOAD ENTITY CMS/consumables/cm_blue_cheese
02:45:57.371 [Log] LOAD ENTITY CMS/consumables/cm_carrot
02:45:57.371 [Log] LOAD ENTITY CMS/consumables/cm_cheese
02:45:57.371 [Log] LOAD ENTITY CMS/consumables/cm_club
02:45:57.371 [Log] LOAD ENTITY CMS/consumables/cm_cork_hat
02:45:57.371 [Log] LOAD ENTITY CMS/consumables/cm_dagger
02:45:57.371 [Log] LOAD ENTITY CMS/consumables/cm_egg
02:45:57.371 [Log] LOAD ENTITY CMS/consumables/cm_fang
02:45:57.371 [Log] LOAD ENTITY CMS/consumables/cm_health_potion
02:45:57.371 [Log] LOAD ENTITY CMS/consumables/cm_hedgehog_carcass
02:45:57.371 [Log] LOAD ENTITY CMS/consumables/cm_medicine
02:45:57.371 [Log] LOAD ENTITY CMS/consumables/cm_mirror
02:45:57.371 [Log] LOAD ENTITY CMS/consumables/cm_paw
02:45:57.371 [Log] LOAD ENTITY CMS/consumables/cm_poison_potion
02:45:57.371 [Log] LOAD ENTITY CMS/consumables/cm_rat_droppings
02:45:57.371 [Log] LOAD ENTITY CMS/consumables/cm_saw
02:45:57.371 [Log] LOAD ENTITY CMS/consumables/cm_shovel
02:45:57.371 [Log] LOAD ENTITY CMS/consumables/cm_strange_carrot
02:45:57.371 [Log] LOAD ENTITY CMS/consumables/dice/cm_d1
02:45:57.371 [Log] LOAD ENTITY CMS/consumables/dice/cm_d2
02:45:57.371 [Log] LOAD ENTITY CMS/consumables/dice/cm_d3
02:45:57.371 [Log] LOAD ENTITY CMS/consumables/dice/cm_d4
02:45:57.371 [Log] LOAD ENTITY CMS/consumables/dice/cm_d5
02:45:57.371 [Log] LOAD ENTITY CMS/consumables/dice/cm_d6
02:45:57.371 [Log] LOAD ENTITY CMS/consumables/lore/cm_story
02:45:57.371 [Log] LOAD ENTITY CMS/consumables/lore/cm_story_house
02:45:57.371 [Log] LOAD ENTITY CMS/consumables/resources/cm_bones
02:45:57.371 [Log] LOAD ENTITY CMS/consumables/resources/cm_key
02:45:57.371 [Log] LOAD ENTITY CMS/currency/c_bones
02:45:57.371 [Log] LOAD ENTITY CMS/currency/c_keys
02:45:57.371 [Log] LOAD ENTITY CMS/default_deck
02:45:57.371 [Log] LOAD ENTITY CMS/deck_no_cats
02:45:57.371 [Log] LOAD ENTITY CMS/dice/special/dice_cocoon
02:45:57.371 [Log] LOAD ENTITY CMS/dice/special/dice_egg
02:45:57.371 [Log] LOAD ENTITY CMS/dice/starting/common/dice_cat
02:45:57.371 [Log] LOAD ENTITY CMS/dice/starting/common/dice_cat_black
02:45:57.371 [Log] LOAD ENTITY CMS/dice/starting/common/dice_cat_brown
02:45:57.371 [Log] LOAD ENTITY CMS/dice/starting/common/dice_fennec
02:45:57.371 [Log] LOAD ENTITY CMS/dice/starting/common/dice_manul
02:45:57.371 [Log] LOAD ENTITY CMS/dice/starting/common/dice_rabbit
02:45:57.371 [Log] LOAD ENTITY CMS/dice/starting/common/dice_rabbit_brown
02:45:57.371 [Log] LOAD ENTITY CMS/dice/starting/common/dice_rabbit_grey
02:45:57.371 [Log] LOAD ENTITY CMS/dice/starting/common/dice_rat
02:45:57.371 [Log] LOAD ENTITY CMS/dice/starting/common/dice_sparrow
02:45:57.371 [Log] LOAD ENTITY CMS/dice/starting/rare/dice_bear
02:45:57.371 [Log] LOAD ENTITY CMS/dice/starting/rare/dice_crow
02:45:57.371 [Log] LOAD ENTITY CMS/dice/starting/rare/dice_deer
02:45:57.371 [Log] LOAD ENTITY CMS/dice/starting/rare/dice_fox
02:45:57.371 [Log] LOAD ENTITY CMS/dice/starting/rare/dice_hedgehog
02:45:57.371 [Log] LOAD ENTITY CMS/dice/starting/rare/dice_monkey
02:45:57.371 [Log] LOAD ENTITY CMS/dice/starting/rare/dice_owl
02:45:57.371 [Log] LOAD ENTITY CMS/dice/starting/rare/dice_panda
02:45:57.371 [Log] LOAD ENTITY CMS/dice/starting/rare/dice_pidgeon
02:45:57.371 [Log] LOAD ENTITY CMS/dice/starting/rare/dice_red_panda
02:45:57.371 [Log] LOAD ENTITY CMS/dice/starting/rare/dice_snake
02:45:57.371 [Log] LOAD ENTITY CMS/dice/starting/rare/dice_wolf
02:45:57.371 [Log] LOAD ENTITY CMS/dice/starting/uncommon/dice_frog
02:45:57.371 [Log] LOAD ENTITY CMS/dice/starting/uncommon/dice_hare
02:45:57.371 [Log] LOAD ENTITY CMS/dice/starting/uncommon/dice_hog
02:45:57.371 [Log] LOAD ENTITY CMS/dice/starting/uncommon/dice_raccoon
02:45:57.371 [Log] LOAD ENTITY CMS/dice/starting/uncommon/dice_ram
02:45:57.371 [Log] LOAD ENTITY CMS/dice/starting/uncommon/dice_sheep
02:45:57.371 [Log] LOAD ENTITY CMS/dice/to_unlock/dice_beaver
02:45:57.372 [Log] LOAD ENTITY CMS/dice/to_unlock/dice_capybara
02:45:57.372 [Log] LOAD ENTITY CMS/dice/to_unlock/dice_cat_blue
02:45:57.372 [Log] LOAD ENTITY CMS/dice/to_unlock/dice_crow_white
02:45:57.372 [Log] LOAD ENTITY CMS/dice/to_unlock/dice_fox_arctic
02:45:57.372 [Log] LOAD ENTITY CMS/dice/to_unlock/dice_rabbit_black
02:45:57.372 [Log] LOAD ENTITY CMS/dice/to_unlock/dice_rabbit_blood
02:45:57.372 [Log] LOAD ENTITY CMS/dice/to_unlock/dice_rabbit_half
02:45:57.372 [Log] LOAD ENTITY CMS/dice/to_unlock/dice_rabbit_lab
02:45:57.372 [Log] LOAD ENTITY CMS/dice/to_unlock/dice_rabbit_mutated
02:45:57.372 [Log] LOAD ENTITY CMS/dice/to_unlock/dice_sheep_black
02:45:57.372 [Log] LOAD ENTITY CMS/dice/to_unlock/dice_snake_black
02:45:57.372 [Log] LOAD ENTITY CMS/dice/to_unlock/dice_snake_gold
02:45:57.372 [Log] LOAD ENTITY CMS/dice_modifier/decorative/dm_blood_Eye
02:45:57.372 [Log] LOAD ENTITY CMS/dice_modifier/decorative/dm_cage
02:45:57.372 [Log] LOAD ENTITY CMS/dice_modifier/decorative/dm_mad_eye
02:45:57.372 [Log] LOAD ENTITY CMS/dice_modifier/decorative/dm_stolen
02:45:57.372 [Log] LOAD ENTITY CMS/dice_modifier/decorative/dm_tophat
02:45:57.372 [Log] LOAD ENTITY CMS/dice_modifier/dm_buried
02:45:57.372 [Log] LOAD ENTITY CMS/dice_modifier/dm_burning_eyes
02:45:57.372 [Log] LOAD ENTITY CMS/dice_modifier/dm_crack
02:45:57.372 [Log] LOAD ENTITY CMS/dice_modifier/dm_feather_raven
02:45:57.372 [Log] LOAD ENTITY CMS/dice_modifier/dm_foresight
02:45:57.372 [Log] LOAD ENTITY CMS/dice_modifier/dm_gold_leaf
02:45:57.372 [Log] LOAD ENTITY CMS/dice_modifier/dm_grapes
02:45:57.372 [Log] LOAD ENTITY CMS/dice_modifier/dm_horns
02:45:57.372 [Log] LOAD ENTITY CMS/dice_modifier/dm_leech
02:45:57.372 [Log] LOAD ENTITY CMS/dice_modifier/dm_magma
02:45:57.372 [Log] LOAD ENTITY CMS/dice_modifier/dm_miasma
02:45:57.372 [Log] LOAD ENTITY CMS/dice_modifier/dm_no_eye
02:45:57.372 [Log] LOAD ENTITY CMS/dice_modifier/dm_strange_odor
02:45:57.372 [Log] LOAD ENTITY CMS/dice_modifier/dm_webbed
02:45:57.372 [Log] LOAD ENTITY CMS/dice_modifier/dm_wildcard
02:45:57.372 [Log] LOAD ENTITY CMS/entity_categories/category_cats
02:45:57.372 [Log] LOAD ENTITY CMS/entity_categories/category_d_magic
02:45:57.372 [Log] LOAD ENTITY CMS/lore/note_0
02:45:57.372 [Log] LOAD ENTITY CMS/lore/note_1
02:45:57.372 [Log] LOAD ENTITY CMS/lore/note_2
02:45:57.372 [Log] LOAD ENTITY CMS/lore/note_chestnut_man
02:45:57.372 [Log] LOAD ENTITY CMS/lore/note_first_death
02:45:57.372 [Log] LOAD ENTITY CMS/lore/note_gloomshell
02:45:57.372 [Log] LOAD ENTITY CMS/lore/note_lagomorph
02:45:57.372 [Log] LOAD ENTITY CMS/lore/note_wiltpetal
02:45:57.372 [Log] LOAD ENTITY CMS/map/levels/1/level_e_snake_big
02:45:57.372 [Log] LOAD ENTITY CMS/map/levels/1/level_rats
02:45:57.372 [Log] LOAD ENTITY CMS/map/levels/1/level_snails
02:45:57.372 [Log] LOAD ENTITY CMS/map/levels/1/level_totem_tutorial
02:45:57.372 [Log] LOAD ENTITY CMS/map/levels/1/level_wasp
02:45:57.372 [Log] LOAD ENTITY CMS/map/levels/2/level_bear_trap
02:45:57.372 [Log] LOAD ENTITY CMS/map/levels/2/level_corpseflower
02:45:57.372 [Log] LOAD ENTITY CMS/map/levels/2/level_e_wasps
02:45:57.372 [Log] LOAD ENTITY CMS/map/levels/2/level_gravemoss
02:45:57.372 [Log] LOAD ENTITY CMS/map/levels/2/level_spider
02:45:57.372 [Log] LOAD ENTITY CMS/map/levels/2/level_totem
02:45:57.372 [Log] LOAD ENTITY CMS/map/levels/3/level_e_hand
02:45:57.372 [Log] LOAD ENTITY CMS/map/levels/3/level_mole
02:45:57.372 [Log] LOAD ENTITY CMS/map/levels/3/level_mushroom
02:45:57.372 [Log] LOAD ENTITY CMS/map/levels/3/level_snails_rabid
02:45:57.372 [Log] LOAD ENTITY CMS/map/levels/3/level_spider
02:45:57.372 [Log] LOAD ENTITY CMS/map/levels/4/level_e_crab
02:45:57.372 [Log] LOAD ENTITY CMS/map/levels/4/level_mushrooms
02:45:57.372 [Log] LOAD ENTITY CMS/map/levels/4/level_pinocchio
02:45:57.372 [Log] LOAD ENTITY CMS/map/levels/4/level_wasps
02:45:57.372 [Log] LOAD ENTITY CMS/map/levels/5/level_e_centipede
02:45:57.372 [Log] LOAD ENTITY CMS/map/levels/5/level_earwig_wasp
02:45:57.372 [Log] LOAD ENTITY CMS/map/levels/5/level_gloombloom
02:45:57.372 [Log] LOAD ENTITY CMS/map/levels/5/level_scorpion
02:45:57.372 [Log] LOAD ENTITY CMS/map/levels/6/level_e_chestnut_man
02:45:57.372 [Log] LOAD ENTITY CMS/map/levels/6/level_e_rat_kling
02:45:57.372 [Log] LOAD ENTITY CMS/map/levels/6/level_witch_servants
02:45:57.372 [Log] LOAD ENTITY CMS/map/levels/7/level_e_grafted_doll
02:45:57.372 [Log] LOAD ENTITY CMS/map/levels/7/level_e_spider_boss
02:45:57.372 [Log] LOAD ENTITY CMS/map/levels/7/level_huntsman_spider_NOT_DONE
02:45:57.372 [Log] LOAD ENTITY CMS/map/levels/7/level_snail_big
02:45:57.372 [Log] LOAD ENTITY CMS/map/levels/7/level_turtle
02:45:57.372 [Log] LOAD ENTITY CMS/map/levels/boss/level_e_riding_hood
02:45:57.372 [Log] LOAD ENTITY CMS/map/levels/special/special_intro
02:45:57.372 [Log] LOAD ENTITY CMS/map/levels/text_events/event_animal_returns
02:45:57.372 [Log] LOAD ENTITY CMS/map/levels/text_events/event_bear_trap
02:45:57.372 [Log] LOAD ENTITY CMS/map/levels/text_events/event_campfire
02:45:57.372 [Log] LOAD ENTITY CMS/map/levels/text_events/event_dialogue_test
02:45:57.372 [Log] LOAD ENTITY CMS/map/levels/text_events/event_flower
02:45:57.372 [Log] LOAD ENTITY CMS/map/levels/text_events/event_rabbit_cannibal
02:45:57.372 [Log] LOAD ENTITY CMS/map/levels/text_events/event_raven
02:45:57.372 [Log] LOAD ENTITY CMS/map/levels/text_events/event_sacrifice_altar
02:45:57.372 [Log] LOAD ENTITY CMS/map/levels/text_events/event_shop
02:45:57.372 [Log] LOAD ENTITY CMS/map/levels/text_events/event_shop_dice
02:45:57.372 [Log] LOAD ENTITY CMS/map/levels/text_events/event_shop_question
02:45:57.372 [Log] LOAD ENTITY CMS/map/levels/text_events/event_spider_trap
02:45:57.372 [Log] LOAD ENTITY CMS/map/levels/text_events/event_treasure
02:45:57.372 [Log] LOAD ENTITY CMS/map/levels/text_events/event_treasure_tools
02:45:57.372 [Log] LOAD ENTITY CMS/map/levels/text_events/objects/flower_buff_energy
02:45:57.372 [Log] LOAD ENTITY CMS/map/levels/text_events/objects/mole_trader
02:45:57.372 [Log] LOAD ENTITY CMS/map/levels/text_events/objects/rabbit_cannibal
02:45:57.372 [Log] LOAD ENTITY CMS/map/levels/text_events/objects/rabbit_cannibal_friends
02:45:57.372 [Log] LOAD ENTITY CMS/map/levels/text_events/objects/raven_pick_to_buff
02:45:57.372 [Log] LOAD ENTITY CMS/map/levels/text_events/objects/rock
02:45:57.372 [Log] LOAD ENTITY CMS/map/levels/text_events/objects/sacrifice_altar
02:45:57.372 [Log] LOAD ENTITY CMS/map/map_preset1
02:45:57.372 [Log] LOAD ENTITY CMS/map/map_preset2
02:45:57.372 [Log] LOAD ENTITY CMS/map/map_preset3
02:45:57.372 [Log] LOAD ENTITY CMS/map/map_preset4
02:45:57.372 [Log] LOAD ENTITY CMS/map/map_preset5
02:45:57.372 [Log] LOAD ENTITY CMS/map/map_preset6
02:45:57.372 [Log] LOAD ENTITY CMS/marketing/mevent_feature_creature
02:45:57.372 [Log] LOAD ENTITY CMS/marketing/mevent_level_snails_4
02:45:57.372 [Log] LOAD ENTITY CMS/marketing/mevent_pick1creature
02:45:57.372 [Log] LOAD ENTITY CMS/quests/challenges/qc_no_cats
02:45:57.372 [Log] LOAD ENTITY CMS/relics/relic_basket_of_terror
02:45:57.372 [Log] LOAD ENTITY CMS/relics/relic_candle
02:45:57.372 [Log] LOAD ENTITY CMS/relics/relic_eyeball
02:45:57.372 [Log] LOAD ENTITY CMS/relics/relic_eyeball_gravemoss
02:45:57.372 [Log] LOAD ENTITY CMS/relics/relic_hand
02:45:57.372 [Log] LOAD ENTITY CMS/relics/relic_knife
02:45:57.372 [Log] LOAD ENTITY CMS/relics/relic_knife_wood
02:45:57.372 [Log] LOAD ENTITY CMS/relics/relic_mantle
02:45:57.372 [Log] LOAD ENTITY CMS/relics/relic_mask
02:45:57.372 [Log] LOAD ENTITY CMS/relics/relic_pouch
02:45:57.372 [Log] LOAD ENTITY CMS/relics/relic_shell
02:45:57.372 [Log] LOAD ENTITY CMS/relics/relic_strange_skull
02:45:57.372 [Log] LOAD ENTITY CMS/relics/relic_torch
02:45:57.372 [Log] LOAD ENTITY CMS/relics/relic_witch_hat
02:45:57.372 [Log] LOAD ENTITY CMS/run_setup
02:45:57.372 [Log] LOAD ENTITY CMS/ui_setup
02:45:57.372 [Log] LOAD ENTITY CMS/ux/tooltip_hint_random_animal
02:45:57.372 [Log] LOAD ENTITY CMS/ux/tooltip_hint_random_consumable
02:45:57.372 [Log] LOAD ENTITY CMS/ux/tooltip_hint_random_relic
02:45:57.781 [Log] Try loading the game
02:45:57.781 [Log] No save found
02:45:57.782 [Log] init seed 675369216
02:45:57.910 [Log] Commit settings
02:45:57.923 [Log] Commit save
02:45:57.923 [Log] init quests
02:45:57.923 [Log] Initialized quest CMS/quests/challenges/qc_no_cats
02:45:57.923 [Log] Application.targetFrameRate = 100
02:45:57.969 [Log] stop all scene coroutines
=== Application Resumed: 14.05.2025 2:45:57 ===
02:45:58.511 [Log] FadeOut
02:45:58.615 [Warning] <color=#0099bc><b>DOTWEEN ► </b></color>Tween startup failed (NULL target/property - Void ThrowNullReferenceException(System.Object)): the tween will now be killed ► Object reference not set to an instance of an object.
02:45:58.615 [Warning] <color=#0099bc><b>DOTWEEN ► </b></color>Tween startup failed (NULL target/property - Void ThrowNullReferenceException(System.Object)): the tween will now be killed ► Object reference not set to an instance of an object.
02:45:58.645 [Warning] <color=#0099bc><b>DOTWEEN ► </b></color>Tween startup failed (NULL target/property - Void ThrowNullReferenceException(System.Object)): the tween will now be killed ► Object reference not set to an instance of an object.
02:45:58.645 [Warning] <color=#0099bc><b>DOTWEEN ► </b></color>Tween startup failed (NULL target/property - Void ThrowNullReferenceException(System.Object)): the tween will now be killed ► Object reference not set to an instance of an object.
02:45:58.645 [Warning] <color=#0099bc><b>DOTWEEN ► </b></color>Tween startup failed (NULL target/property - Void ThrowNullReferenceException(System.Object)): the tween will now be killed ► Object reference not set to an instance of an object.
02:45:58.645 [Warning] <color=#0099bc><b>DOTWEEN ► </b></color>Tween startup failed (NULL target/property - Void ThrowNullReferenceException(System.Object)): the tween will now be killed ► Object reference not set to an instance of an object.
02:45:58.645 [Warning] <color=#0099bc><b>DOTWEEN ► </b></color>Tween startup failed (NULL target/property - Void ThrowNullReferenceException(System.Object)): the tween will now be killed ► Object reference not set to an instance of an object.
02:45:58.645 [Warning] <color=#0099bc><b>DOTWEEN ► </b></color>Tween startup failed (NULL target/property - Void ThrowNullReferenceException(System.Object)): the tween will now be killed ► Object reference not set to an instance of an object.
02:45:58.654 [Warning] <color=#0099bc><b>DOTWEEN ► </b></color>Tween startup failed (NULL target/property - Void ThrowNullReferenceException(System.Object)): the tween will now be killed ► Object reference not set to an instance of an object.
02:45:58.667 [Warning] <color=#0099bc><b>DOTWEEN ► </b></color>Tween startup failed (NULL target/property - Void ThrowNullReferenceException(System.Object)): the tween will now be killed ► Object reference not set to an instance of an object.
02:45:58.681 [Warning] <color=#0099bc><b>DOTWEEN ► </b></color>Tween startup failed (NULL target/property - Void ThrowNullReferenceException(System.Object)): the tween will now be killed ► Object reference not set to an instance of an object.
02:45:58.702 [Warning] <color=#0099bc><b>DOTWEEN ► </b></color>Tween startup failed (NULL target/property - Void ThrowNullReferenceException(System.Object)): the tween will now be killed ► Object reference not set to an instance of an object.
02:45:58.716 [Warning] <color=#0099bc><b>DOTWEEN ► </b></color>Tween startup failed (NULL target/property - Void ThrowNullReferenceException(System.Object)): the tween will now be killed ► Object reference not set to an instance of an object.
02:45:58.723 [Warning] <color=#0099bc><b>DOTWEEN ► </b></color>Tween startup failed (NULL target/property - Void ThrowNullReferenceException(System.Object)): the tween will now be killed ► Object reference not set to an instance of an object.
02:45:58.723 [Warning] <color=#0099bc><b>DOTWEEN ► </b></color>Tween startup failed (NULL target/property - Void ThrowNullReferenceException(System.Object)): the tween will now be killed ► Object reference not set to an instance of an object.
02:45:58.723 [Warning] <color=#0099bc><b>DOTWEEN ► </b></color>Tween startup failed (NULL target/property - Void ThrowNullReferenceException(System.Object)): the tween will now be killed ► Object reference not set to an instance of an object.
02:45:58.723 [Warning] <color=#0099bc><b>DOTWEEN ► </b></color>Tween startup failed (NULL target/property - Void ThrowNullReferenceException(System.Object)): the tween will now be killed ► Object reference not set to an instance of an object.
02:45:58.729 [Warning] <color=#0099bc><b>DOTWEEN ► </b></color>Tween startup failed (NULL target/property - Void ThrowNullReferenceException(System.Object)): the tween will now be killed ► Object reference not set to an instance of an object.
02:45:58.729 [Warning] <color=#0099bc><b>DOTWEEN ► </b></color>Tween startup failed (NULL target/property - Void ThrowNullReferenceException(System.Object)): the tween will now be killed ► Object reference not set to an instance of an object.
02:45:58.737 [Warning] <color=#0099bc><b>DOTWEEN ► </b></color>Tween startup failed (NULL target/property - Void ThrowNullReferenceException(System.Object)): the tween will now be killed ► Object reference not set to an instance of an object.
02:45:58.750 [Warning] <color=#0099bc><b>DOTWEEN ► </b></color>Tween startup failed (NULL target/property - Void ThrowNullReferenceException(System.Object)): the tween will now be killed ► Object reference not set to an instance of an object.
02:45:58.764 [Warning] <color=#0099bc><b>DOTWEEN ► </b></color>Tween startup failed (NULL target/property - Void ThrowNullReferenceException(System.Object)): the tween will now be killed ► Object reference not set to an instance of an object.
02:45:58.781 [Warning] <color=#0099bc><b>DOTWEEN ► </b></color>Tween startup failed (NULL target/property - Void ThrowNullReferenceException(System.Object)): the tween will now be killed ► Object reference not set to an instance of an object.
02:45:58.798 [Warning] <color=#0099bc><b>DOTWEEN ► </b></color>Tween startup failed (NULL target/property - Void ThrowNullReferenceException(System.Object)): the tween will now be killed ► Object reference not set to an instance of an object.
02:45:58.805 [Warning] <color=#0099bc><b>DOTWEEN ► </b></color>Tween startup failed (NULL target/property - Void ThrowNullReferenceException(System.Object)): the tween will now be killed ► Object reference not set to an instance of an object.
02:45:58.805 [Warning] <color=#0099bc><b>DOTWEEN ► </b></color>Tween startup failed (NULL target/property - Void ThrowNullReferenceException(System.Object)): the tween will now be killed ► Object reference not set to an instance of an object.
02:45:58.805 [Warning] <color=#0099bc><b>DOTWEEN ► </b></color>Tween startup failed (NULL target/property - Void ThrowNullReferenceException(System.Object)): the tween will now be killed ► Object reference not set to an instance of an object.
02:45:58.813 [Warning] <color=#0099bc><b>DOTWEEN ► </b></color>Tween startup failed (NULL target/property - Void ThrowNullReferenceException(System.Object)): the tween will now be killed ► Object reference not set to an instance of an object.
02:45:58.814 [Warning] <color=#0099bc><b>DOTWEEN ► </b></color>Tween startup failed (NULL target/property - Void ThrowNullReferenceException(System.Object)): the tween will now be killed ► Object reference not set to an instance of an object.
02:45:58.820 [Warning] <color=#0099bc><b>DOTWEEN ► </b></color>Tween startup failed (NULL target/property - Void ThrowNullReferenceException(System.Object)): the tween will now be killed ► Object reference not set to an instance of an object.
02:45:58.855 [Warning] <color=#0099bc><b>DOTWEEN ► </b></color>Tween startup failed (NULL target/property - Void ThrowNullReferenceException(System.Object)): the tween will now be killed ► Object reference not set to an instance of an object.
02:45:58.862 [Warning] <color=#0099bc><b>DOTWEEN ► </b></color>Tween startup failed (NULL target/property - Void ThrowNullReferenceException(System.Object)): the tween will now be killed ► Object reference not set to an instance of an object.
02:45:58.862 [Warning] <color=#0099bc><b>DOTWEEN ► </b></color>Tween startup failed (NULL target/property - Void ThrowNullReferenceException(System.Object)): the tween will now be killed ► Object reference not set to an instance of an object.
02:45:58.869 [Warning] <color=#0099bc><b>DOTWEEN ► </b></color>Tween startup failed (NULL target/property - Void ThrowNullReferenceException(System.Object)): the tween will now be killed ► Object reference not set to an instance of an object.
02:45:58.876 [Warning] <color=#0099bc><b>DOTWEEN ► </b></color>Tween startup failed (NULL target/property - Void ThrowNullReferenceException(System.Object)): the tween will now be killed ► Object reference not set to an instance of an object.
02:45:58.883 [Warning] <color=#0099bc><b>DOTWEEN ► </b></color>Tween startup failed (NULL target/property - Void ThrowNullReferenceException(System.Object)): the tween will now be killed ► Object reference not set to an instance of an object.
02:45:58.905 [Warning] <color=#0099bc><b>DOTWEEN ► </b></color>Tween startup failed (NULL target/property - Void ThrowNullReferenceException(System.Object)): the tween will now be killed ► Object reference not set to an instance of an object.
02:45:58.905 [Warning] <color=#0099bc><b>DOTWEEN ► </b></color>Tween startup failed (NULL target/property - Void ThrowNullReferenceException(System.Object)): the tween will now be killed ► Object reference not set to an instance of an object.
02:45:58.913 [Warning] <color=#0099bc><b>DOTWEEN ► </b></color>Tween startup failed (NULL target/property - Void ThrowNullReferenceException(System.Object)): the tween will now be killed ► Object reference not set to an instance of an object.
02:45:58.920 [Warning] <color=#0099bc><b>DOTWEEN ► </b></color>Tween startup failed (NULL target/property - Void ThrowNullReferenceException(System.Object)): the tween will now be killed ► Object reference not set to an instance of an object.
02:45:58.920 [Warning] <color=#0099bc><b>DOTWEEN ► </b></color>Tween startup failed (NULL target/property - Void ThrowNullReferenceException(System.Object)): the tween will now be killed ► Object reference not set to an instance of an object.
02:45:58.920 [Warning] <color=#0099bc><b>DOTWEEN ► </b></color>Tween startup failed (NULL target/property - Void ThrowNullReferenceException(System.Object)): the tween will now be killed ► Object reference not set to an instance of an object.
02:45:58.968 [Warning] <color=#0099bc><b>DOTWEEN ► </b></color>Tween startup failed (NULL target/property - Void ThrowNullReferenceException(System.Object)): the tween will now be killed ► Object reference not set to an instance of an object.
02:46:08.467 [Log] FadeIn
02:46:09.476 [Log] Run discarded
02:46:09.842 [Warning] 'R8_SRGB' is not supported. RenderTexture::GetTemporary fallbacks to R8G8B8A8_SRGB format on this platform. Use 'SystemInfo.IsFormatSupported' C# API to check format support.
02:46:09.852 [Log] EndTurn:enabled false
02:46:09.857 [Log] stop all scene coroutines
02:46:09.886 [Log] SetupGame
02:46:09.889 [Log] map preset = map_preset6
02:46:09.891 [Log] Times shown reset
02:46:09.981 [Log] Loading CMS/map/levels/special/special_intro
02:46:09.983 [Log] exclude scene variation - foilage_modifier_3
02:46:10.142 [Log] FadeOut
=== Application Paused: 14.05.2025 2:46:14 ===
=== Application Resumed: 14.05.2025 2:47:02 ===
=== Application Paused: 14.05.2025 2:47:05 ===
=== Application Resumed: 14.05.2025 2:54:58 ===
02:55:02.132 [Log] Application shutting down
02:55:02.145 [Warning] <color=#ff7337><color=#0099bc><b>DOTWEEN ► </b></color> SAFE MODE ►</color> DOTween's safe mode captured 43 errors. This is usually ok (it's what safe mode is there for) but if your game is encountering issues you should set Log Behaviour to Default in DOTween Utility Panel in order to get detailed warnings when an error is captured (consider that these errors are always on the user side).
- 43 startup errors

=== End Log Session: 14.05.2025 2:55:02 ===
