==================================================
=== Log Session: 14.05.2025 3:03:20 ===
=== Unity Version: 6000.0.21f1 ===
=== App Version: 1.0 ===
=== OS: Windows 11  (10.0.26100) 64bit ===
=== Device: MS-7D75 (Micro-Star International Co., Ltd.) ===
=== Processor: AMD Ryzen 5 7600 6-Core Processor  ===
=== Graphics: Intel(R) Arc(TM) B580 Graphics ===
==================================================

03:03:20.160 [Log] Application started. Version: 1.0
03:03:20.163 [Log] Log file initialized at: D:\SteamLibrary\steamapps\common\Dicewood Demo\Logs\AppLog_2025-05-14_03-03-20.log
03:03:22.185 [Log] LOAD ENTITY CMS/audio/ambience/forest_atmos_bright
03:03:22.185 [Log] LOAD ENTITY CMS/audio/ambience/forest_atmos_dark
03:03:22.185 [Log] LOAD ENTITY CMS/audio/ambience/house_atmos
03:03:22.185 [Log] LOAD ENTITY CMS/audio/events/sfx_altar_jingle
03:03:22.185 [Log] LOAD ENTITY CMS/audio/events/sfx_beartrap_jingle
03:03:22.185 [Log] LOAD ENTITY CMS/audio/events/sfx_raven_jingle
03:03:22.185 [Log] LOAD ENTITY CMS/audio/events/sfx_tools_jingle
03:03:22.185 [Log] LOAD ENTITY CMS/audio/game/sfx_animal_exile
03:03:22.185 [Log] LOAD ENTITY CMS/audio/game/sfx_choose_background_noise
03:03:22.185 [Log] LOAD ENTITY CMS/audio/game/sfx_say
03:03:22.185 [Log] LOAD ENTITY CMS/audio/music/forest_combat
03:03:22.185 [Log] LOAD ENTITY CMS/audio/music/forest_map
03:03:22.185 [Log] LOAD ENTITY CMS/audio/music/forest_reprise
03:03:22.185 [Log] LOAD ENTITY CMS/audio/ui/sfx_door
03:03:22.185 [Log] LOAD ENTITY CMS/audio/ui/sfx_end_turn
03:03:22.185 [Log] LOAD ENTITY CMS/audio/ui/sfx_enter_house
03:03:22.185 [Log] LOAD ENTITY CMS/audio/ui/sfx_map_click
03:03:22.185 [Log] LOAD ENTITY CMS/audio/ui/sfx_map_hover
03:03:22.185 [Log] LOAD ENTITY CMS/challenge/B_red_riding_hood
03:03:22.185 [Log] LOAD ENTITY CMS/challenge/E_bear_trap
03:03:22.185 [Log] LOAD ENTITY CMS/challenge/E_centipede
03:03:22.185 [Log] LOAD ENTITY CMS/challenge/E_chestnut_man
03:03:22.185 [Log] LOAD ENTITY CMS/challenge/E_corpseflower
03:03:22.185 [Log] LOAD ENTITY CMS/challenge/E_crab
03:03:22.185 [Log] LOAD ENTITY CMS/challenge/E_earwig
03:03:22.185 [Log] LOAD ENTITY CMS/challenge/E_gloombloom
03:03:22.185 [Log] LOAD ENTITY CMS/challenge/E_grafted_doll
03:03:22.185 [Log] LOAD ENTITY CMS/challenge/E_gravemoss
03:03:22.185 [Log] LOAD ENTITY CMS/challenge/E_hand
03:03:22.185 [Log] LOAD ENTITY CMS/challenge/E_mole
03:03:22.185 [Log] LOAD ENTITY CMS/challenge/E_mushroom
03:03:22.185 [Log] LOAD ENTITY CMS/challenge/E_mushroom_small
03:03:22.185 [Log] LOAD ENTITY CMS/challenge/E_pinocchio
03:03:22.185 [Log] LOAD ENTITY CMS/challenge/E_poison_cloud
03:03:22.185 [Log] LOAD ENTITY CMS/challenge/E_rat
03:03:22.185 [Log] LOAD ENTITY CMS/challenge/E_rat_king
03:03:22.185 [Log] LOAD ENTITY CMS/challenge/E_scorpion
03:03:22.185 [Log] LOAD ENTITY CMS/challenge/E_snail_big
03:03:22.185 [Log] LOAD ENTITY CMS/challenge/E_snail_even
03:03:22.185 [Log] LOAD ENTITY CMS/challenge/E_snail_odd
03:03:22.185 [Log] LOAD ENTITY CMS/challenge/E_snail_rabid
03:03:22.185 [Log] LOAD ENTITY CMS/challenge/E_snake_big
03:03:22.185 [Log] LOAD ENTITY CMS/challenge/E_snapping_tutrle
03:03:22.185 [Log] LOAD ENTITY CMS/challenge/E_spider
03:03:22.185 [Log] LOAD ENTITY CMS/challenge/E_spider_boss
03:03:22.185 [Log] LOAD ENTITY CMS/challenge/E_spider_huntsman
03:03:22.185 [Log] LOAD ENTITY CMS/challenge/E_spiderweb
03:03:22.185 [Log] LOAD ENTITY CMS/challenge/E_totem
03:03:22.185 [Log] LOAD ENTITY CMS/challenge/E_totem_tutorial
03:03:22.185 [Log] LOAD ENTITY CMS/challenge/E_wasp
03:03:22.185 [Log] LOAD ENTITY CMS/challenge/E_witch_servant_A
03:03:22.185 [Log] LOAD ENTITY CMS/challenge/E_witch_servant_B
03:03:22.185 [Log] LOAD ENTITY CMS/challenge_slot_modifier/cs_x2_damage_candle
03:03:22.185 [Log] LOAD ENTITY CMS/consumables/cm_arrow
03:03:22.185 [Log] LOAD ENTITY CMS/consumables/cm_blue_cheese
03:03:22.185 [Log] LOAD ENTITY CMS/consumables/cm_carrot
03:03:22.185 [Log] LOAD ENTITY CMS/consumables/cm_cheese
03:03:22.186 [Log] LOAD ENTITY CMS/consumables/cm_club
03:03:22.186 [Log] LOAD ENTITY CMS/consumables/cm_cork_hat
03:03:22.186 [Log] LOAD ENTITY CMS/consumables/cm_dagger
03:03:22.186 [Log] LOAD ENTITY CMS/consumables/cm_egg
03:03:22.186 [Log] LOAD ENTITY CMS/consumables/cm_fang
03:03:22.186 [Log] LOAD ENTITY CMS/consumables/cm_health_potion
03:03:22.186 [Log] LOAD ENTITY CMS/consumables/cm_hedgehog_carcass
03:03:22.186 [Log] LOAD ENTITY CMS/consumables/cm_medicine
03:03:22.186 [Log] LOAD ENTITY CMS/consumables/cm_mirror
03:03:22.186 [Log] LOAD ENTITY CMS/consumables/cm_paw
03:03:22.186 [Log] LOAD ENTITY CMS/consumables/cm_poison_potion
03:03:22.186 [Log] LOAD ENTITY CMS/consumables/cm_rat_droppings
03:03:22.186 [Log] LOAD ENTITY CMS/consumables/cm_saw
03:03:22.186 [Log] LOAD ENTITY CMS/consumables/cm_shovel
03:03:22.186 [Log] LOAD ENTITY CMS/consumables/cm_strange_carrot
03:03:22.186 [Log] LOAD ENTITY CMS/consumables/dice/cm_d1
03:03:22.186 [Log] LOAD ENTITY CMS/consumables/dice/cm_d2
03:03:22.186 [Log] LOAD ENTITY CMS/consumables/dice/cm_d3
03:03:22.186 [Log] LOAD ENTITY CMS/consumables/dice/cm_d4
03:03:22.186 [Log] LOAD ENTITY CMS/consumables/dice/cm_d5
03:03:22.186 [Log] LOAD ENTITY CMS/consumables/dice/cm_d6
03:03:22.186 [Log] LOAD ENTITY CMS/consumables/lore/cm_story
03:03:22.186 [Log] LOAD ENTITY CMS/consumables/lore/cm_story_house
03:03:22.186 [Log] LOAD ENTITY CMS/consumables/resources/cm_bones
03:03:22.186 [Log] LOAD ENTITY CMS/consumables/resources/cm_key
03:03:22.186 [Log] LOAD ENTITY CMS/currency/c_bones
03:03:22.186 [Log] LOAD ENTITY CMS/currency/c_keys
03:03:22.186 [Log] LOAD ENTITY CMS/default_deck
03:03:22.186 [Log] LOAD ENTITY CMS/deck_no_cats
03:03:22.186 [Log] LOAD ENTITY CMS/dice/special/dice_cocoon
03:03:22.187 [Log] LOAD ENTITY CMS/dice/special/dice_egg
03:03:22.187 [Log] LOAD ENTITY CMS/dice/starting/common/dice_cat
03:03:22.187 [Log] LOAD ENTITY CMS/dice/starting/common/dice_cat_black
03:03:22.187 [Log] LOAD ENTITY CMS/dice/starting/common/dice_cat_brown
03:03:22.187 [Log] LOAD ENTITY CMS/dice/starting/common/dice_fennec
03:03:22.187 [Log] LOAD ENTITY CMS/dice/starting/common/dice_manul
03:03:22.187 [Log] LOAD ENTITY CMS/dice/starting/common/dice_rabbit
03:03:22.187 [Log] LOAD ENTITY CMS/dice/starting/common/dice_rabbit_brown
03:03:22.187 [Log] LOAD ENTITY CMS/dice/starting/common/dice_rabbit_grey
03:03:22.187 [Log] LOAD ENTITY CMS/dice/starting/common/dice_rat
03:03:22.187 [Log] LOAD ENTITY CMS/dice/starting/common/dice_sparrow
03:03:22.187 [Log] LOAD ENTITY CMS/dice/starting/rare/dice_bear
03:03:22.187 [Log] LOAD ENTITY CMS/dice/starting/rare/dice_crow
03:03:22.187 [Log] LOAD ENTITY CMS/dice/starting/rare/dice_deer
03:03:22.187 [Log] LOAD ENTITY CMS/dice/starting/rare/dice_fox
03:03:22.187 [Log] LOAD ENTITY CMS/dice/starting/rare/dice_hedgehog
03:03:22.187 [Log] LOAD ENTITY CMS/dice/starting/rare/dice_monkey
03:03:22.187 [Log] LOAD ENTITY CMS/dice/starting/rare/dice_owl
03:03:22.187 [Log] LOAD ENTITY CMS/dice/starting/rare/dice_panda
03:03:22.187 [Log] LOAD ENTITY CMS/dice/starting/rare/dice_pidgeon
03:03:22.187 [Log] LOAD ENTITY CMS/dice/starting/rare/dice_red_panda
03:03:22.187 [Log] LOAD ENTITY CMS/dice/starting/rare/dice_snake
03:03:22.187 [Log] LOAD ENTITY CMS/dice/starting/rare/dice_wolf
03:03:22.187 [Log] LOAD ENTITY CMS/dice/starting/uncommon/dice_frog
03:03:22.187 [Log] LOAD ENTITY CMS/dice/starting/uncommon/dice_hare
03:03:22.187 [Log] LOAD ENTITY CMS/dice/starting/uncommon/dice_hog
03:03:22.187 [Log] LOAD ENTITY CMS/dice/starting/uncommon/dice_raccoon
03:03:22.187 [Log] LOAD ENTITY CMS/dice/starting/uncommon/dice_ram
03:03:22.187 [Log] LOAD ENTITY CMS/dice/starting/uncommon/dice_sheep
03:03:22.187 [Log] LOAD ENTITY CMS/dice/to_unlock/dice_beaver
03:03:22.187 [Log] LOAD ENTITY CMS/dice/to_unlock/dice_capybara
03:03:22.187 [Log] LOAD ENTITY CMS/dice/to_unlock/dice_cat_blue
03:03:22.187 [Log] LOAD ENTITY CMS/dice/to_unlock/dice_crow_white
03:03:22.187 [Log] LOAD ENTITY CMS/dice/to_unlock/dice_fox_arctic
03:03:22.187 [Log] LOAD ENTITY CMS/dice/to_unlock/dice_rabbit_black
03:03:22.187 [Log] LOAD ENTITY CMS/dice/to_unlock/dice_rabbit_blood
03:03:22.187 [Log] LOAD ENTITY CMS/dice/to_unlock/dice_rabbit_half
03:03:22.187 [Log] LOAD ENTITY CMS/dice/to_unlock/dice_rabbit_lab
03:03:22.187 [Log] LOAD ENTITY CMS/dice/to_unlock/dice_rabbit_mutated
03:03:22.187 [Log] LOAD ENTITY CMS/dice/to_unlock/dice_sheep_black
03:03:22.187 [Log] LOAD ENTITY CMS/dice/to_unlock/dice_snake_black
03:03:22.187 [Log] LOAD ENTITY CMS/dice/to_unlock/dice_snake_gold
03:03:22.187 [Log] LOAD ENTITY CMS/dice_modifier/decorative/dm_blood_Eye
03:03:22.187 [Log] LOAD ENTITY CMS/dice_modifier/decorative/dm_cage
03:03:22.187 [Log] LOAD ENTITY CMS/dice_modifier/decorative/dm_mad_eye
03:03:22.187 [Log] LOAD ENTITY CMS/dice_modifier/decorative/dm_stolen
03:03:22.187 [Log] LOAD ENTITY CMS/dice_modifier/decorative/dm_tophat
03:03:22.187 [Log] LOAD ENTITY CMS/dice_modifier/dm_buried
03:03:22.187 [Log] LOAD ENTITY CMS/dice_modifier/dm_burning_eyes
03:03:22.187 [Log] LOAD ENTITY CMS/dice_modifier/dm_crack
03:03:22.187 [Log] LOAD ENTITY CMS/dice_modifier/dm_feather_raven
03:03:22.187 [Log] LOAD ENTITY CMS/dice_modifier/dm_foresight
03:03:22.187 [Log] LOAD ENTITY CMS/dice_modifier/dm_gold_leaf
03:03:22.187 [Log] LOAD ENTITY CMS/dice_modifier/dm_grapes
03:03:22.187 [Log] LOAD ENTITY CMS/dice_modifier/dm_horns
03:03:22.187 [Log] LOAD ENTITY CMS/dice_modifier/dm_leech
03:03:22.187 [Log] LOAD ENTITY CMS/dice_modifier/dm_magma
03:03:22.187 [Log] LOAD ENTITY CMS/dice_modifier/dm_miasma
03:03:22.187 [Log] LOAD ENTITY CMS/dice_modifier/dm_no_eye
03:03:22.187 [Log] LOAD ENTITY CMS/dice_modifier/dm_strange_odor
03:03:22.187 [Log] LOAD ENTITY CMS/dice_modifier/dm_webbed
03:03:22.187 [Log] LOAD ENTITY CMS/dice_modifier/dm_wildcard
03:03:22.187 [Log] LOAD ENTITY CMS/entity_categories/category_cats
03:03:22.187 [Log] LOAD ENTITY CMS/entity_categories/category_d_magic
03:03:22.187 [Log] LOAD ENTITY CMS/lore/note_0
03:03:22.187 [Log] LOAD ENTITY CMS/lore/note_1
03:03:22.187 [Log] LOAD ENTITY CMS/lore/note_2
03:03:22.187 [Log] LOAD ENTITY CMS/lore/note_chestnut_man
03:03:22.187 [Log] LOAD ENTITY CMS/lore/note_first_death
03:03:22.187 [Log] LOAD ENTITY CMS/lore/note_gloomshell
03:03:22.187 [Log] LOAD ENTITY CMS/lore/note_lagomorph
03:03:22.187 [Log] LOAD ENTITY CMS/lore/note_wiltpetal
03:03:22.187 [Log] LOAD ENTITY CMS/map/levels/1/level_e_snake_big
03:03:22.187 [Log] LOAD ENTITY CMS/map/levels/1/level_rats
03:03:22.187 [Log] LOAD ENTITY CMS/map/levels/1/level_snails
03:03:22.187 [Log] LOAD ENTITY CMS/map/levels/1/level_totem_tutorial
03:03:22.187 [Log] LOAD ENTITY CMS/map/levels/1/level_wasp
03:03:22.187 [Log] LOAD ENTITY CMS/map/levels/2/level_bear_trap
03:03:22.187 [Log] LOAD ENTITY CMS/map/levels/2/level_corpseflower
03:03:22.187 [Log] LOAD ENTITY CMS/map/levels/2/level_e_wasps
03:03:22.187 [Log] LOAD ENTITY CMS/map/levels/2/level_gravemoss
03:03:22.187 [Log] LOAD ENTITY CMS/map/levels/2/level_spider
03:03:22.187 [Log] LOAD ENTITY CMS/map/levels/2/level_totem
03:03:22.187 [Log] LOAD ENTITY CMS/map/levels/3/level_e_hand
03:03:22.187 [Log] LOAD ENTITY CMS/map/levels/3/level_mole
03:03:22.187 [Log] LOAD ENTITY CMS/map/levels/3/level_mushroom
03:03:22.187 [Log] LOAD ENTITY CMS/map/levels/3/level_snails_rabid
03:03:22.188 [Log] LOAD ENTITY CMS/map/levels/3/level_spider
03:03:22.188 [Log] LOAD ENTITY CMS/map/levels/4/level_e_crab
03:03:22.188 [Log] LOAD ENTITY CMS/map/levels/4/level_mushrooms
03:03:22.188 [Log] LOAD ENTITY CMS/map/levels/4/level_pinocchio
03:03:22.188 [Log] LOAD ENTITY CMS/map/levels/4/level_wasps
03:03:22.188 [Log] LOAD ENTITY CMS/map/levels/5/level_e_centipede
03:03:22.188 [Log] LOAD ENTITY CMS/map/levels/5/level_earwig_wasp
03:03:22.188 [Log] LOAD ENTITY CMS/map/levels/5/level_gloombloom
03:03:22.188 [Log] LOAD ENTITY CMS/map/levels/5/level_scorpion
03:03:22.188 [Log] LOAD ENTITY CMS/map/levels/6/level_e_chestnut_man
03:03:22.188 [Log] LOAD ENTITY CMS/map/levels/6/level_e_rat_kling
03:03:22.188 [Log] LOAD ENTITY CMS/map/levels/6/level_witch_servants
03:03:22.188 [Log] LOAD ENTITY CMS/map/levels/7/level_e_grafted_doll
03:03:22.188 [Log] LOAD ENTITY CMS/map/levels/7/level_e_spider_boss
03:03:22.188 [Log] LOAD ENTITY CMS/map/levels/7/level_huntsman_spider_NOT_DONE
03:03:22.188 [Log] LOAD ENTITY CMS/map/levels/7/level_snail_big
03:03:22.188 [Log] LOAD ENTITY CMS/map/levels/7/level_turtle
03:03:22.188 [Log] LOAD ENTITY CMS/map/levels/boss/level_e_riding_hood
03:03:22.188 [Log] LOAD ENTITY CMS/map/levels/special/special_intro
03:03:22.188 [Log] LOAD ENTITY CMS/map/levels/text_events/event_animal_returns
03:03:22.188 [Log] LOAD ENTITY CMS/map/levels/text_events/event_bear_trap
03:03:22.188 [Log] LOAD ENTITY CMS/map/levels/text_events/event_campfire
03:03:22.188 [Log] LOAD ENTITY CMS/map/levels/text_events/event_dialogue_test
03:03:22.188 [Log] LOAD ENTITY CMS/map/levels/text_events/event_flower
03:03:22.188 [Log] LOAD ENTITY CMS/map/levels/text_events/event_rabbit_cannibal
03:03:22.188 [Log] LOAD ENTITY CMS/map/levels/text_events/event_raven
03:03:22.188 [Log] LOAD ENTITY CMS/map/levels/text_events/event_sacrifice_altar
03:03:22.188 [Log] LOAD ENTITY CMS/map/levels/text_events/event_shop
03:03:22.188 [Log] LOAD ENTITY CMS/map/levels/text_events/event_shop_dice
03:03:22.188 [Log] LOAD ENTITY CMS/map/levels/text_events/event_shop_question
03:03:22.188 [Log] LOAD ENTITY CMS/map/levels/text_events/event_spider_trap
03:03:22.188 [Log] LOAD ENTITY CMS/map/levels/text_events/event_treasure
03:03:22.188 [Log] LOAD ENTITY CMS/map/levels/text_events/event_treasure_tools
03:03:22.188 [Log] LOAD ENTITY CMS/map/levels/text_events/objects/flower_buff_energy
03:03:22.188 [Log] LOAD ENTITY CMS/map/levels/text_events/objects/mole_trader
03:03:22.188 [Log] LOAD ENTITY CMS/map/levels/text_events/objects/rabbit_cannibal
03:03:22.188 [Log] LOAD ENTITY CMS/map/levels/text_events/objects/rabbit_cannibal_friends
03:03:22.188 [Log] LOAD ENTITY CMS/map/levels/text_events/objects/raven_pick_to_buff
03:03:22.188 [Log] LOAD ENTITY CMS/map/levels/text_events/objects/rock
03:03:22.188 [Log] LOAD ENTITY CMS/map/levels/text_events/objects/sacrifice_altar
03:03:22.188 [Log] LOAD ENTITY CMS/map/map_preset1
03:03:22.188 [Log] LOAD ENTITY CMS/map/map_preset2
03:03:22.188 [Log] LOAD ENTITY CMS/map/map_preset3
03:03:22.188 [Log] LOAD ENTITY CMS/map/map_preset4
03:03:22.188 [Log] LOAD ENTITY CMS/map/map_preset5
03:03:22.188 [Log] LOAD ENTITY CMS/map/map_preset6
03:03:22.188 [Log] LOAD ENTITY CMS/marketing/mevent_feature_creature
03:03:22.188 [Log] LOAD ENTITY CMS/marketing/mevent_level_snails_4
03:03:22.188 [Log] LOAD ENTITY CMS/marketing/mevent_pick1creature
03:03:22.188 [Log] LOAD ENTITY CMS/quests/challenges/qc_no_cats
03:03:22.188 [Log] LOAD ENTITY CMS/relics/relic_basket_of_terror
03:03:22.188 [Log] LOAD ENTITY CMS/relics/relic_candle
03:03:22.188 [Log] LOAD ENTITY CMS/relics/relic_eyeball
03:03:22.188 [Log] LOAD ENTITY CMS/relics/relic_eyeball_gravemoss
03:03:22.188 [Log] LOAD ENTITY CMS/relics/relic_hand
03:03:22.188 [Log] LOAD ENTITY CMS/relics/relic_knife
03:03:22.188 [Log] LOAD ENTITY CMS/relics/relic_knife_wood
03:03:22.188 [Log] LOAD ENTITY CMS/relics/relic_mantle
03:03:22.188 [Log] LOAD ENTITY CMS/relics/relic_mask
03:03:22.188 [Log] LOAD ENTITY CMS/relics/relic_pouch
03:03:22.188 [Log] LOAD ENTITY CMS/relics/relic_shell
03:03:22.188 [Log] LOAD ENTITY CMS/relics/relic_strange_skull
03:03:22.188 [Log] LOAD ENTITY CMS/relics/relic_torch
03:03:22.188 [Log] LOAD ENTITY CMS/relics/relic_witch_hat
03:03:22.188 [Log] LOAD ENTITY CMS/run_setup
03:03:22.188 [Log] LOAD ENTITY CMS/ui_setup
03:03:22.188 [Log] LOAD ENTITY CMS/ux/tooltip_hint_random_animal
03:03:22.188 [Log] LOAD ENTITY CMS/ux/tooltip_hint_random_consumable
03:03:22.188 [Log] LOAD ENTITY CMS/ux/tooltip_hint_random_relic
03:03:22.622 [Log] Try loading the game
03:03:22.709 [Log] Save loaded
03:03:22.709 [Log] {"$type":"Savefile, Assembly-CSharp","runState":null,"isNewSave":false,"isJournalUpdated":false,"settings":{"$type":"SettingsData, Assembly-CSharp","gameSpeed":null,"volSfx":0.8,"volMusic":0.8,"isPostProc":true,"tutorialHint":true,"holdToSelect":true},"quests":{"$type":"QuestSystem, Assembly-CSharp","all":{"$type":"System.Collections.Generic.List`1[[QuestState, Assembly-CSharp]], mscorlib","$values":[]}},"contentDiscovery":{"$type":"ContentDiscovery, Assembly-CSharp","unlockedContent":{"$type":"System.Collections.Generic.List`1[[System.String, mscorlib]], mscorlib","$values":["CMS/lore/note_0"]}},"tutorial":{"$type":"TutorialData, Assembly-CSharp","hintHold":0,"hintClick":0,"tutorialIdleTime":15.0},"inventory":{"$type":"Inventory, Assembly-CSharp","items":{"$type":"System.Collections.Generic.List`1[[InventoryState, Assembly-CSharp]], mscorlib","$values":[]},"keys":0},"flags":{"$type":"System.Collections.Generic.HashSet`1[[System.String, mscorlib]], System.Core","$values":[]},"randomSeed":675369216}
03:03:22.709 [Log] init seed 675369216
03:03:22.718 [Log] Commit settings
03:03:22.721 [Log] Commit save
03:03:22.721 [Log] init quests
03:03:22.721 [Log] Initialized quest CMS/quests/challenges/qc_no_cats
03:03:22.722 [Log] Application.targetFrameRate = 100
03:03:22.853 [Log] stop all scene coroutines
=== Application Resumed: 14.05.2025 3:03:22 ===
03:03:23.389 [Log] FadeOut
03:03:23.485 [Warning] <color=#0099bc><b>DOTWEEN ► </b></color>Tween startup failed (NULL target/property - Void ThrowNullReferenceException(System.Object)): the tween will now be killed ► Object reference not set to an instance of an object.
03:03:23.485 [Warning] <color=#0099bc><b>DOTWEEN ► </b></color>Tween startup failed (NULL target/property - Void ThrowNullReferenceException(System.Object)): the tween will now be killed ► Object reference not set to an instance of an object.
03:03:23.490 [Warning] <color=#0099bc><b>DOTWEEN ► </b></color>Tween startup failed (NULL target/property - Void ThrowNullReferenceException(System.Object)): the tween will now be killed ► Object reference not set to an instance of an object.
03:03:23.490 [Warning] <color=#0099bc><b>DOTWEEN ► </b></color>Tween startup failed (NULL target/property - Void ThrowNullReferenceException(System.Object)): the tween will now be killed ► Object reference not set to an instance of an object.
03:03:23.490 [Warning] <color=#0099bc><b>DOTWEEN ► </b></color>Tween startup failed (NULL target/property - Void ThrowNullReferenceException(System.Object)): the tween will now be killed ► Object reference not set to an instance of an object.
03:03:23.506 [Warning] <color=#0099bc><b>DOTWEEN ► </b></color>Tween startup failed (NULL target/property - Void ThrowNullReferenceException(System.Object)): the tween will now be killed ► Object reference not set to an instance of an object.
03:03:23.513 [Warning] <color=#0099bc><b>DOTWEEN ► </b></color>Tween startup failed (NULL target/property - Void ThrowNullReferenceException(System.Object)): the tween will now be killed ► Object reference not set to an instance of an object.
03:03:23.523 [Warning] <color=#0099bc><b>DOTWEEN ► </b></color>Tween startup failed (NULL target/property - Void ThrowNullReferenceException(System.Object)): the tween will now be killed ► Object reference not set to an instance of an object.
03:03:23.529 [Warning] <color=#0099bc><b>DOTWEEN ► </b></color>Tween startup failed (NULL target/property - Void ThrowNullReferenceException(System.Object)): the tween will now be killed ► Object reference not set to an instance of an object.
03:03:23.546 [Warning] <color=#0099bc><b>DOTWEEN ► </b></color>Tween startup failed (NULL target/property - Void ThrowNullReferenceException(System.Object)): the tween will now be killed ► Object reference not set to an instance of an object.
03:03:23.554 [Warning] <color=#0099bc><b>DOTWEEN ► </b></color>Tween startup failed (NULL target/property - Void ThrowNullReferenceException(System.Object)): the tween will now be killed ► Object reference not set to an instance of an object.
03:03:23.575 [Warning] <color=#0099bc><b>DOTWEEN ► </b></color>Tween startup failed (NULL target/property - Void ThrowNullReferenceException(System.Object)): the tween will now be killed ► Object reference not set to an instance of an object.
03:03:23.589 [Warning] <color=#0099bc><b>DOTWEEN ► </b></color>Tween startup failed (NULL target/property - Void ThrowNullReferenceException(System.Object)): the tween will now be killed ► Object reference not set to an instance of an object.
03:03:23.595 [Warning] <color=#0099bc><b>DOTWEEN ► </b></color>Tween startup failed (NULL target/property - Void ThrowNullReferenceException(System.Object)): the tween will now be killed ► Object reference not set to an instance of an object.
03:03:23.595 [Warning] <color=#0099bc><b>DOTWEEN ► </b></color>Tween startup failed (NULL target/property - Void ThrowNullReferenceException(System.Object)): the tween will now be killed ► Object reference not set to an instance of an object.
03:03:23.595 [Warning] <color=#0099bc><b>DOTWEEN ► </b></color>Tween startup failed (NULL target/property - Void ThrowNullReferenceException(System.Object)): the tween will now be killed ► Object reference not set to an instance of an object.
03:03:23.595 [Warning] <color=#0099bc><b>DOTWEEN ► </b></color>Tween startup failed (NULL target/property - Void ThrowNullReferenceException(System.Object)): the tween will now be killed ► Object reference not set to an instance of an object.
03:03:23.602 [Warning] <color=#0099bc><b>DOTWEEN ► </b></color>Tween startup failed (NULL target/property - Void ThrowNullReferenceException(System.Object)): the tween will now be killed ► Object reference not set to an instance of an object.
03:03:23.602 [Warning] <color=#0099bc><b>DOTWEEN ► </b></color>Tween startup failed (NULL target/property - Void ThrowNullReferenceException(System.Object)): the tween will now be killed ► Object reference not set to an instance of an object.
03:03:23.609 [Warning] <color=#0099bc><b>DOTWEEN ► </b></color>Tween startup failed (NULL target/property - Void ThrowNullReferenceException(System.Object)): the tween will now be killed ► Object reference not set to an instance of an object.
03:03:23.623 [Warning] <color=#0099bc><b>DOTWEEN ► </b></color>Tween startup failed (NULL target/property - Void ThrowNullReferenceException(System.Object)): the tween will now be killed ► Object reference not set to an instance of an object.
03:03:23.637 [Warning] <color=#0099bc><b>DOTWEEN ► </b></color>Tween startup failed (NULL target/property - Void ThrowNullReferenceException(System.Object)): the tween will now be killed ► Object reference not set to an instance of an object.
03:03:23.649 [Warning] <color=#0099bc><b>DOTWEEN ► </b></color>Tween startup failed (NULL target/property - Void ThrowNullReferenceException(System.Object)): the tween will now be killed ► Object reference not set to an instance of an object.
03:03:23.665 [Warning] <color=#0099bc><b>DOTWEEN ► </b></color>Tween startup failed (NULL target/property - Void ThrowNullReferenceException(System.Object)): the tween will now be killed ► Object reference not set to an instance of an object.
03:03:23.673 [Warning] <color=#0099bc><b>DOTWEEN ► </b></color>Tween startup failed (NULL target/property - Void ThrowNullReferenceException(System.Object)): the tween will now be killed ► Object reference not set to an instance of an object.
03:03:23.673 [Warning] <color=#0099bc><b>DOTWEEN ► </b></color>Tween startup failed (NULL target/property - Void ThrowNullReferenceException(System.Object)): the tween will now be killed ► Object reference not set to an instance of an object.
03:03:23.673 [Warning] <color=#0099bc><b>DOTWEEN ► </b></color>Tween startup failed (NULL target/property - Void ThrowNullReferenceException(System.Object)): the tween will now be killed ► Object reference not set to an instance of an object.
03:03:23.680 [Warning] <color=#0099bc><b>DOTWEEN ► </b></color>Tween startup failed (NULL target/property - Void ThrowNullReferenceException(System.Object)): the tween will now be killed ► Object reference not set to an instance of an object.
03:03:23.686 [Warning] <color=#0099bc><b>DOTWEEN ► </b></color>Tween startup failed (NULL target/property - Void ThrowNullReferenceException(System.Object)): the tween will now be killed ► Object reference not set to an instance of an object.
03:03:23.693 [Warning] <color=#0099bc><b>DOTWEEN ► </b></color>Tween startup failed (NULL target/property - Void ThrowNullReferenceException(System.Object)): the tween will now be killed ► Object reference not set to an instance of an object.
03:03:23.735 [Warning] <color=#0099bc><b>DOTWEEN ► </b></color>Tween startup failed (NULL target/property - Void ThrowNullReferenceException(System.Object)): the tween will now be killed ► Object reference not set to an instance of an object.
03:03:23.742 [Warning] <color=#0099bc><b>DOTWEEN ► </b></color>Tween startup failed (NULL target/property - Void ThrowNullReferenceException(System.Object)): the tween will now be killed ► Object reference not set to an instance of an object.
03:03:23.742 [Warning] <color=#0099bc><b>DOTWEEN ► </b></color>Tween startup failed (NULL target/property - Void ThrowNullReferenceException(System.Object)): the tween will now be killed ► Object reference not set to an instance of an object.
03:03:23.749 [Warning] <color=#0099bc><b>DOTWEEN ► </b></color>Tween startup failed (NULL target/property - Void ThrowNullReferenceException(System.Object)): the tween will now be killed ► Object reference not set to an instance of an object.
03:03:23.756 [Warning] <color=#0099bc><b>DOTWEEN ► </b></color>Tween startup failed (NULL target/property - Void ThrowNullReferenceException(System.Object)): the tween will now be killed ► Object reference not set to an instance of an object.
03:03:23.763 [Warning] <color=#0099bc><b>DOTWEEN ► </b></color>Tween startup failed (NULL target/property - Void ThrowNullReferenceException(System.Object)): the tween will now be killed ► Object reference not set to an instance of an object.
03:03:23.784 [Warning] <color=#0099bc><b>DOTWEEN ► </b></color>Tween startup failed (NULL target/property - Void ThrowNullReferenceException(System.Object)): the tween will now be killed ► Object reference not set to an instance of an object.
03:03:23.790 [Warning] <color=#0099bc><b>DOTWEEN ► </b></color>Tween startup failed (NULL target/property - Void ThrowNullReferenceException(System.Object)): the tween will now be killed ► Object reference not set to an instance of an object.
03:03:23.791 [Warning] <color=#0099bc><b>DOTWEEN ► </b></color>Tween startup failed (NULL target/property - Void ThrowNullReferenceException(System.Object)): the tween will now be killed ► Object reference not set to an instance of an object.
03:03:23.798 [Warning] <color=#0099bc><b>DOTWEEN ► </b></color>Tween startup failed (NULL target/property - Void ThrowNullReferenceException(System.Object)): the tween will now be killed ► Object reference not set to an instance of an object.
03:03:23.798 [Warning] <color=#0099bc><b>DOTWEEN ► </b></color>Tween startup failed (NULL target/property - Void ThrowNullReferenceException(System.Object)): the tween will now be killed ► Object reference not set to an instance of an object.
03:03:23.798 [Warning] <color=#0099bc><b>DOTWEEN ► </b></color>Tween startup failed (NULL target/property - Void ThrowNullReferenceException(System.Object)): the tween will now be killed ► Object reference not set to an instance of an object.
03:03:23.847 [Warning] <color=#0099bc><b>DOTWEEN ► </b></color>Tween startup failed (NULL target/property - Void ThrowNullReferenceException(System.Object)): the tween will now be killed ► Object reference not set to an instance of an object.
03:03:33.361 [Log] FadeIn
03:03:34.361 [Log] Run discarded
03:03:34.953 [Warning] 'R8_SRGB' is not supported. RenderTexture::GetTemporary fallbacks to R8G8B8A8_SRGB format on this platform. Use 'SystemInfo.IsFormatSupported' C# API to check format support.
03:03:34.963 [Log] EndTurn:enabled false
03:03:34.967 [Log] stop all scene coroutines
03:03:34.990 [Log] SetupGame
03:03:34.993 [Log] map preset = map_preset6
03:03:34.994 [Log] Times shown reset
03:03:35.090 [Log] Loading CMS/map/levels/special/special_intro
03:03:35.092 [Log] exclude scene variation - foilage_modifier_3
03:03:35.214 [Log] FadeOut
03:03:50.058 [Log] HintMove
03:03:50.059 [Log] PunchEndTurn
03:04:08.057 [Log] HintMove
03:04:08.058 [Log] PunchEndTurn
03:04:29.664 [Log] HintMove
03:04:29.664 [Log] PunchEndTurn
03:04:50.292 [Log] Game speed set to 1x
03:04:50.292 [Log] Applied resolution: 1920x1080, Windowed: False, Game Speed: 1x
03:04:52.381 [Log] Fill WEIGHTED_RANDOM
03:04:52.381 [Log] Fill LEAST_SEEN
03:04:52.381 [Log] Fill ALWAYS_NEW
03:04:52.381 [Log] not seen: 13
03:04:52.406 [Log] picker_hand caim CMS/dice/starting/common/dice_fennec
03:04:52.407 [Log] picker_hand caim CMS/dice/starting/common/dice_rat
03:04:52.408 [Log] picker_hand caim CMS/dice/starting/common/dice_cat_black
03:04:52.496 [Log] Input window: start
=== Application Paused: 14.05.2025 3:04:55 ===
=== Application Resumed: 14.05.2025 3:12:55 ===
=== Application Paused: 14.05.2025 3:12:57 ===
=== Application Resumed: 14.05.2025 3:12:58 ===
=== Application Paused: 14.05.2025 3:12:58 ===
=== Application Resumed: 14.05.2025 3:40:59 ===
03:41:08.154 [Log] Game speed set to 1x
03:41:08.154 [Log] Applied resolution: 1920x1080, Windowed: True, Game Speed: 1x
03:41:11.084 [Log] Game speed set to 1x
03:41:11.084 [Log] Applied resolution: 720x576, Windowed: True, Game Speed: 1x
03:41:12.837 [Log] Game speed set to 1x
03:41:12.837 [Log] Applied resolution: 800x600, Windowed: True, Game Speed: 1x
03:41:17.115 [Log] Game speed set to 1x
03:41:17.115 [Log] Applied resolution: 1280x600, Windowed: True, Game Speed: 1x
03:41:20.031 [Log] HintMove
03:41:20.031 [Log] pick hint
03:41:20.282 [Log] from generic_view(Clone) (UnityEngine.Transform)
03:41:21.685 [Log] to generic_view(Clone) (UnityEngine.Transform)
03:41:21.991 [Log] from generic_view(Clone) (UnityEngine.Transform)
03:41:23.394 [Log] to generic_view(Clone) (UnityEngine.Transform)
03:41:23.699 [Log] from generic_view(Clone) (UnityEngine.Transform)
=== Application Paused: 14.05.2025 3:41:25 ===
=== Application Resumed: 14.05.2025 4:12:03 ===
04:12:05.694 [Log] Application shutting down

=== End Log Session: 14.05.2025 4:12:05 ===
